<?xml version="1.0" encoding="UTF-8"?>
<testng-results ignored="0" total="2" passed="2" failed="0" skipped="0">
  <reporter-output>
  </reporter-output>
  <suite started-at="2022-06-28T18:28:38 IST" name="Default suite" finished-at="2022-06-28T18:28:41 IST" duration-ms="3389">
    <groups>
    </groups>
    <test started-at="2022-06-28T18:28:38 IST" name="Default test" finished-at="2022-06-28T18:28:41 IST" duration-ms="3389">
      <class name="Maven.MavenProject.SampleTestClass">
        <test-method is-config="true" signature="setup()[pri:0, instance:Maven.MavenProject.SampleTestClass@68999068]" started-at="2022-06-28T18:28:38 IST" name="setup" finished-at="2022-06-28T18:28:39 IST" duration-ms="1414" status="PASS">
          <reporter-output>
          </reporter-output>
        </test-method> <!-- setup -->
        <test-method signature="autoQuesOne()[pri:0, instance:Maven.MavenProject.SampleTestClass@68999068]" started-at="2022-06-28T18:28:39 IST" name="autoQuesOne" finished-at="2022-06-28T18:28:40 IST" duration-ms="694" status="PASS">
          <reporter-output>
          </reporter-output>
        </test-method> <!-- autoQuesOne -->
        <test-method is-config="true" signature="quit()[pri:0, instance:Maven.MavenProject.SampleTestClass@68999068]" started-at="2022-06-28T18:28:40 IST" name="quit" finished-at="2022-06-28T18:28:40 IST" duration-ms="128" status="PASS">
          <reporter-output>
          </reporter-output>
        </test-method> <!-- quit -->
        <test-method is-config="true" signature="setup()[pri:0, instance:Maven.MavenProject.SampleTestClass@68999068]" started-at="2022-06-28T18:28:40 IST" name="setup" finished-at="2022-06-28T18:28:41 IST" duration-ms="861" status="PASS">
          <reporter-output>
          </reporter-output>
        </test-method> <!-- setup -->
        <test-method signature="autoQuesTwo()[pri:0, instance:Maven.MavenProject.SampleTestClass@68999068]" started-at="2022-06-28T18:28:41 IST" name="autoQuesTwo" finished-at="2022-06-28T18:28:41 IST" duration-ms="148" status="PASS">
          <reporter-output>
          </reporter-output>
        </test-method> <!-- autoQuesTwo -->
        <test-method is-config="true" signature="quit()[pri:0, instance:Maven.MavenProject.SampleTestClass@68999068]" started-at="2022-06-28T18:28:41 IST" name="quit" finished-at="2022-06-28T18:28:41 IST" duration-ms="123" status="PASS">
          <reporter-output>
          </reporter-output>
        </test-method> <!-- quit -->
      </class> <!-- Maven.MavenProject.SampleTestClass -->
    </test> <!-- Default test -->
  </suite> <!-- Default suite -->
</testng-results>
